C:\USERS\DEVJEET\DOCUMENTS\VISUAL STUDIO 2010\PROJECTS\TEXT EDITOR\RELEASE\TEXT EDITOR.EXE
C:\Users\Devjeet\documents\visual studio 2010\Projects\Text Editor\Release\Text Editor.exe.CodeAnalysisLog.xml
C:\Users\Devjeet\documents\visual studio 2010\Projects\Text Editor\Release\Text Editor.exe.lastcodeanalysissucceeded
C:\USERS\DEVJEET\DOCUMENTS\VISUAL STUDIO 2010\PROJECTS\TEXT EDITOR\RELEASE\TEXT EDITOR.PDB
C:\Users\Devjeet\documents\visual studio 2010\Projects\Text Editor\Text Editor\Release\cl.command.1.tlog
C:\Users\Devjeet\documents\visual studio 2010\Projects\Text Editor\Text Editor\Release\CL.read.1.tlog
C:\Users\Devjeet\documents\visual studio 2010\Projects\Text Editor\Text Editor\Release\CL.write.1.tlog
C:\USERS\DEVJEET\DOCUMENTS\VISUAL STUDIO 2010\PROJECTS\TEXT EDITOR\TEXT EDITOR\RELEASE\CUSTOMEDITCONTROL.OBJ
C:\USERS\DEVJEET\DOCUMENTS\VISUAL STUDIO 2010\PROJECTS\TEXT EDITOR\TEXT EDITOR\RELEASE\FILEWRAPPER.OBJ
C:\Users\Devjeet\documents\visual studio 2010\Projects\Text Editor\Text Editor\Release\link.command.1.tlog
C:\Users\Devjeet\documents\visual studio 2010\Projects\Text Editor\Text Editor\Release\link.read.1.tlog
C:\Users\Devjeet\documents\visual studio 2010\Projects\Text Editor\Text Editor\Release\link.write.1.tlog
C:\Users\Devjeet\documents\visual studio 2010\Projects\Text Editor\Text Editor\Release\link-cvtres.read.1.tlog
C:\Users\Devjeet\documents\visual studio 2010\Projects\Text Editor\Text Editor\Release\link-cvtres.write.1.tlog
C:\USERS\DEVJEET\DOCUMENTS\VISUAL STUDIO 2010\PROJECTS\TEXT EDITOR\TEXT EDITOR\RELEASE\LINKEDLIST.OBJ
C:\USERS\DEVJEET\DOCUMENTS\VISUAL STUDIO 2010\PROJECTS\TEXT EDITOR\TEXT EDITOR\RELEASE\MAIN.OBJ
C:\Users\Devjeet\documents\visual studio 2010\Projects\Text Editor\Text Editor\Release\mt.command.1.tlog
C:\Users\Devjeet\documents\visual studio 2010\Projects\Text Editor\Text Editor\Release\mt.read.1.tlog
C:\Users\Devjeet\documents\visual studio 2010\Projects\Text Editor\Text Editor\Release\mt.write.1.tlog
C:\USERS\DEVJEET\DOCUMENTS\VISUAL STUDIO 2010\PROJECTS\TEXT EDITOR\TEXT EDITOR\RELEASE\NODE.OBJ
C:\Users\Devjeet\documents\visual studio 2010\Projects\Text Editor\Text Editor\Release\rc.command.1.tlog
C:\Users\Devjeet\documents\visual studio 2010\Projects\Text Editor\Text Editor\Release\rc.read.1.tlog
C:\Users\Devjeet\documents\visual studio 2010\Projects\Text Editor\Text Editor\Release\rc.write.1.tlog
C:\USERS\DEVJEET\DOCUMENTS\VISUAL STUDIO 2010\PROJECTS\TEXT EDITOR\TEXT EDITOR\RELEASE\TEXT EDITOR.EXE.INTERMEDIATE.MANIFEST
C:\USERS\DEVJEET\DOCUMENTS\VISUAL STUDIO 2010\PROJECTS\TEXT EDITOR\TEXT EDITOR\RELEASE\TEXT EDITOR.RES
C:\USERS\DEVJEET\DOCUMENTS\VISUAL STUDIO 2010\PROJECTS\TEXT EDITOR\TEXT EDITOR\RELEASE\VC100.PDB
