Build started 11/13/2011 7:14:54 PM.
     1>Project "C:\Users\Devjeet\documents\visual studio 2010\Projects\Text Editor\Text Editor\Text Editor.vcxproj" on node 2 (build target(s)).
     1>InitializeBuildStatus:
         Creating "Debug\Text Editor.unsuccessfulbuild" because "AlwaysCreate" was specified.
       ClCompile:
         C:\Program Files (x86)\Microsoft Visual Studio 10.0\VC\bin\CL.exe /c /ZI /nologo /W3 /WX- /Od /Oy- /D _MBCS /Gm /EHsc /RTC1 /MDd /GS /fp:precise /Zc:wchar_t /Zc:forScope /Fo"Debug\\" /Fd"Debug\vc100.pdb" /Gd /TP /analyze- /errorReport:prompt CustomEditControl.cpp
         CustomEditControl.cpp
       ResourceCompile:
         All outputs are up-to-date.
       Link:
         C:\Program Files (x86)\Microsoft Visual Studio 10.0\VC\bin\link.exe /ERRORREPORT:PROMPT /OUT:"C:\Users\Devjeet\documents\visual studio 2010\Projects\Text Editor\Debug\Text Editor.exe" /NOLOGO kernel32.lib user32.lib gdi32.lib winspool.lib comdlg32.lib advapi32.lib shell32.lib ole32.lib oleaut32.lib uuid.lib odbc32.lib odbccp32.lib /MANIFEST /ManifestFile:"Debug\Text Editor.exe.intermediate.manifest" /MANIFESTUAC:"level='asInvoker' uiAccess='false'" /DEBUG /PDB:"C:\Users\Devjeet\documents\visual studio 2010\Projects\Text Editor\Debug\Text Editor.pdb" /TLBID:1 /DYNAMICBASE /NXCOMPAT /IMPLIB:"C:\Users\Devjeet\documents\visual studio 2010\Projects\Text Editor\Debug\Text Editor.lib" /MACHINE:X86 "Debug\Text Editor.res"
         Debug\BackBuffer.obj
         Debug\CustomEditControl.obj
         Debug\Main.obj
         Debug\UtilitiesClass.obj
         LINK : C:\Users\Devjeet\documents\visual studio 2010\Projects\Text Editor\Debug\Text Editor.exe not found or not built by the last incremental link; performing full link
         Text Editor.vcxproj -> C:\Users\Devjeet\documents\visual studio 2010\Projects\Text Editor\Debug\Text Editor.exe
       Manifest:
         c:\Program Files (x86)\Microsoft SDKs\Windows\v7.0A\bin\mt.exe /nologo /verbose /outputresource:"C:\Users\Devjeet\documents\visual studio 2010\Projects\Text Editor\Debug\Text Editor.exe;#1" /manifest "Debug\Text Editor.exe.intermediate.manifest"
       FinalizeBuildStatus:
         Deleting file "Debug\Text Editor.unsuccessfulbuild".
         Touching "Debug\Text Editor.lastbuildstate".
     1>Done Building Project "C:\Users\Devjeet\documents\visual studio 2010\Projects\Text Editor\Text Editor\Text Editor.vcxproj" (build target(s)).

Build succeeded.

Time Elapsed 00:00:03.28
